<?xml version="1.0" encoding="UTF-8"?>
<!-- Generated by org.testng.reporters.JUnitXMLReporter -->
<testsuite ignored="0" hostname="LAPTOP-5KVODS8V" failures="0" tests="3" name="Test" time="45.145" errors="0" timestamp="2024-02-15T18:21:52 CST">
  <testcase classname="remoteTest.dockerValidation.chromeTest2" name="@BeforeTest startDockerScale" time="45.047">
    <failure type="java.lang.AssertionError" message="expected [true] but found [false]">
      <![CDATA[java.lang.AssertionError: expected [true] but found [false]
at remoteTest.dockerValidation.startDocker.startFile(startDocker.java:48)
at remoteTest.dockerValidation.chromeTest2.startDockerScale(chromeTest2.java:26)
... Removed 28 stack frames]]>
    </failure>
  </testcase> <!-- @BeforeTest startDockerScale -->
  <testcase classname="remoteTest.dockerValidation.chromeTest2" name="@AfterTest stopDockerDeleteFile" time="-1.708042912505E9">
    <skipped/>
  </testcase> <!-- @AfterTest stopDockerDeleteFile -->
  <testcase classname="remoteTest.dockerValidation.chromeTest3" name="test2" time="0.0">
    <skipped/>
  </testcase> <!-- test2 -->
  <testcase classname="remoteTest.dockerValidation.chromeTest4" name="test3" time="0.0">
    <skipped/>
  </testcase> <!-- test3 -->
  <testcase classname="remoteTest.dockerValidation.chromeTest2" name="test1" time="0.0">
    <skipped/>
  </testcase> <!-- test1 -->
</testsuite> <!-- Test -->
