<!DOCTYPE html PUBLIC "-//W3C//DTD XHTML 1.1//EN" "https://www.w3.org/TR/xhtml11/DTD/xhtml11.dtd">
<html xmlns="https://www.w3.org/1999/xhtml">
<head>
<meta http-equiv="content-type" content="text/html; charset=UTF-8"/>
<title>TestNG Report</title>
<style type="text/css">table {margin-bottom:10px;border-collapse:collapse;empty-cells:show}th,td {border:1px solid #009;padding:.25em .5em}th {vertical-align:bottom}td {vertical-align:top}table a {font-weight:bold}.stripe td {background-color: #E6EBF9}.num {text-align:right}.passedodd td {background-color: #3F3}.passedeven td {background-color: #0A0}.skippedodd td {background-color: #DDD}.skippedeven td {background-color: #CCC}.failedodd td,.attn {background-color: #F33}.failedeven td,.stripe .attn {background-color: #D00}.stacktrace {white-space:pre;font-family:monospace}.totop {font-size:85%;text-align:center;border-bottom:2px solid #000}.invisible {display:none}</style>
</head>
<body>
<table>
<tr><th>Test</th><th># Passed</th><th># Skipped</th><th># Retried</th><th># Failed</th><th>Time (ms)</th><th>Included Groups</th><th>Excluded Groups</th></tr>
<tr><th colspan="8">Suite</th></tr>
<tr><td><a href="#t0">Test</a></td><td class="num">0</td><td class="num attn">3</td><td class="num">0</td><td class="num">0</td><td class="num">45,145</td><td></td><td></td></tr>
</table>
<table id='summary'><thead><tr><th>Class</th><th>Method</th><th>Start</th><th>Time (ms)</th></tr></thead><tbody><tr><th colspan="4">Suite</th></tr></tbody><tbody id="t0"><tr><th colspan="4">Test &#8212; failed (configuration methods)</th></tr><tr class="failedeven"><td rowspan="1">remoteTest.dockerValidation.chromeTest2</td><td><a href="#m0">startDockerScale</a></td><td rowspan="1">1708042867369</td><td rowspan="1">45047</td></tr><tr><th colspan="4">Test &#8212; skipped (configuration methods)</th></tr><tr class="skippedeven"><td rowspan="1">remoteTest.dockerValidation.chromeTest2</td><td><a href="#m1">stopDockerDeleteFile</a></td><td rowspan="1">1708042912505</td><td rowspan="1">-1708042912505</td></tr><tr><th colspan="4">Test &#8212; skipped</th></tr><tr class="skippedeven"><td rowspan="1">remoteTest.dockerValidation.chromeTest2</td><td><a href="#m2">test1</a></td><td rowspan="1">1708042912488</td><td rowspan="1">0</td></tr><tr class="skippedodd"><td rowspan="1">remoteTest.dockerValidation.chromeTest3</td><td><a href="#m3">test2</a></td><td rowspan="1">1708042912488</td><td rowspan="1">0</td></tr><tr class="skippedeven"><td rowspan="1">remoteTest.dockerValidation.chromeTest4</td><td><a href="#m4">test3</a></td><td rowspan="1">1708042912488</td><td rowspan="1">0</td></tr></tbody>
</table>
<h2>Test</h2><h3 id="m0">remoteTest.dockerValidation.chromeTest2#startDockerScale</h3><table class="result"><tr><th>Exception</th></tr><tr><td><div class="stacktrace">java.lang.AssertionError: expected [true] but found [false]
	at remoteTest.dockerValidation.startDocker.startFile(startDocker.java:48)
	at remoteTest.dockerValidation.chromeTest2.startDockerScale(chromeTest2.java:26)
... Removed 28 stack frames</div></td></tr></table><p class="totop"><a href="#summary">back to summary</a></p>
<h3 id="m1">remoteTest.dockerValidation.chromeTest2#stopDockerDeleteFile</h3><table class="result"><tr><th class="invisible"/></tr></table><p class="totop"><a href="#summary">back to summary</a></p>
<h3 id="m2">remoteTest.dockerValidation.chromeTest2#test1</h3><table class="result"><tr><th>Exception</th></tr><tr><td><div class="stacktrace">java.lang.AssertionError: expected [true] but found [false]
	at remoteTest.dockerValidation.startDocker.startFile(startDocker.java:48)
	at remoteTest.dockerValidation.chromeTest2.startDockerScale(chromeTest2.java:26)
... Removed 28 stack frames</div></td></tr></table><p class="totop"><a href="#summary">back to summary</a></p>
<h3 id="m3">remoteTest.dockerValidation.chromeTest3#test2</h3><table class="result"><tr><th>Exception</th></tr><tr><td><div class="stacktrace">java.lang.AssertionError: expected [true] but found [false]
	at remoteTest.dockerValidation.startDocker.startFile(startDocker.java:48)
	at remoteTest.dockerValidation.chromeTest2.startDockerScale(chromeTest2.java:26)
... Removed 28 stack frames</div></td></tr></table><p class="totop"><a href="#summary">back to summary</a></p>
<h3 id="m4">remoteTest.dockerValidation.chromeTest4#test3</h3><table class="result"><tr><th>Exception</th></tr><tr><td><div class="stacktrace">java.lang.AssertionError: expected [true] but found [false]
	at remoteTest.dockerValidation.startDocker.startFile(startDocker.java:48)
	at remoteTest.dockerValidation.chromeTest2.startDockerScale(chromeTest2.java:26)
... Removed 28 stack frames</div></td></tr></table><p class="totop"><a href="#summary">back to summary</a></p>
</body>
</html>
